2015-12-17 21:32:04,922 - Log4JLogChute initialized using file 'velocity.log'
2015-12-17 21:32:04,922 - Velocity was not initialized! Calling init()...
2015-12-17 21:32:04,922 - Starting Apache Velocity v1.5 (compiled: 2007-02-22 08:52:29)
2015-12-17 21:32:04,922 - Default Properties File: org/apache/velocity/runtime/defaults/velocity.properties
2015-12-17 21:32:04,922 - Trying to use logger class org.apache.velocity.runtime.log.AvalonLogChute
2015-12-17 21:32:04,923 - Couldn't find class org.apache.velocity.runtime.log.AvalonLogChute or necessary supporting classes in classpath.
java.lang.NoClassDefFoundError: org/apache/log/format/Formatter
	at java.lang.Class.forName0(Native Method)
	at java.lang.Class.forName(Class.java:348)
	at org.apache.velocity.util.ClassUtils.getClass(ClassUtils.java:63)
	at org.apache.velocity.util.ClassUtils.getNewInstance(ClassUtils.java:95)
	at org.apache.velocity.runtime.log.LogManager.createLogChute(LogManager.java:147)
	at org.apache.velocity.runtime.log.LogManager.updateLog(LogManager.java:208)
	at org.apache.velocity.runtime.RuntimeInstance.initializeLog(RuntimeInstance.java:728)
	at org.apache.velocity.runtime.RuntimeInstance.init(RuntimeInstance.java:240)
	at org.apache.velocity.runtime.RuntimeInstance.parse(RuntimeInstance.java:993)
	at org.apache.velocity.runtime.RuntimeInstance.parse(RuntimeInstance.java:972)
	at org.apache.velocity.runtime.RuntimeSingleton.parse(RuntimeSingleton.java:265)
	at org.apache.velocity.app.Velocity.evaluate(Velocity.java:274)
	at org.sonatype.mavenbook.ch04.simple_weather.WeatherFormatter.format(WeatherFormatter.java:20)
	at org.sonatype.mavenbook.ch04.simple_weather.Main.start(Main.java:38)
	at org.sonatype.mavenbook.ch04.simple_weather.Main.main(Main.java:22)
Caused by: java.lang.ClassNotFoundException: org.apache.log.format.Formatter
	at java.net.URLClassLoader.findClass(URLClassLoader.java:381)
	at java.lang.ClassLoader.loadClass(ClassLoader.java:424)
	at sun.misc.Launcher$AppClassLoader.loadClass(Launcher.java:331)
	at java.lang.ClassLoader.loadClass(ClassLoader.java:357)
	... 15 more
2015-12-17 21:32:04,925 - Trying to use logger class org.apache.velocity.runtime.log.Log4JLogChute
2015-12-17 21:32:04,925 - Using logger class org.apache.velocity.runtime.log.Log4JLogChute
2015-12-17 21:32:04,927 - Default ResourceManager initializing. (class org.apache.velocity.runtime.resource.ResourceManagerImpl)
2015-12-17 21:32:04,930 - ResourceLoader instantiated: org.apache.velocity.runtime.resource.loader.FileResourceLoader
2015-12-17 21:32:04,931 - Do unicode file recognition:  false
2015-12-17 21:32:04,931 - FileResourceLoader : adding path '.'
2015-12-17 21:32:04,943 - ResourceCache: initialized (class org.apache.velocity.runtime.resource.ResourceCacheImpl)
2015-12-17 21:32:04,944 - Loaded System Directive: org.apache.velocity.runtime.directive.Literal
2015-12-17 21:32:04,944 - Loaded System Directive: org.apache.velocity.runtime.directive.Macro
2015-12-17 21:32:04,946 - Loaded System Directive: org.apache.velocity.runtime.directive.Parse
2015-12-17 21:32:04,947 - Loaded System Directive: org.apache.velocity.runtime.directive.Include
2015-12-17 21:32:04,948 - Loaded System Directive: org.apache.velocity.runtime.directive.Foreach
2015-12-17 21:32:04,974 - Created '20' parsers.
2015-12-17 21:32:04,981 - Velocimacro : "velocimacro.library" is not set.  Trying default library: VM_global_library.vm
2015-12-17 21:32:04,982 - Velocimacro : Default library not found.
2015-12-17 21:32:04,982 - Velocimacro : allowInline = true : VMs can be defined inline in templates
2015-12-17 21:32:04,982 - Velocimacro : allowInlineToOverride = false : VMs defined inline may NOT replace previous VM definitions
2015-12-17 21:32:04,982 - Velocimacro : allowInlineLocal = false : VMs defined inline will be global in scope if allowed.
2015-12-17 21:32:04,982 - Velocimacro : autoload off : VM system will not automatically reload global library macros
2015-12-19 21:03:31,307 - Log4JLogChute initialized using file 'velocity.log'
2015-12-19 21:03:31,307 - Velocity was not initialized! Calling init()...
2015-12-19 21:03:31,307 - Starting Apache Velocity v1.5 (compiled: 2007-02-22 08:52:29)
2015-12-19 21:03:31,307 - Default Properties File: org/apache/velocity/runtime/defaults/velocity.properties
2015-12-19 21:03:31,307 - Trying to use logger class org.apache.velocity.runtime.log.AvalonLogChute
2015-12-19 21:03:31,308 - Couldn't find class org.apache.velocity.runtime.log.AvalonLogChute or necessary supporting classes in classpath.
java.lang.NoClassDefFoundError: org/apache/log/format/Formatter
	at java.lang.Class.forName0(Native Method)
	at java.lang.Class.forName(Class.java:348)
	at org.apache.velocity.util.ClassUtils.getClass(ClassUtils.java:63)
	at org.apache.velocity.util.ClassUtils.getNewInstance(ClassUtils.java:95)
	at org.apache.velocity.runtime.log.LogManager.createLogChute(LogManager.java:147)
	at org.apache.velocity.runtime.log.LogManager.updateLog(LogManager.java:208)
	at org.apache.velocity.runtime.RuntimeInstance.initializeLog(RuntimeInstance.java:728)
	at org.apache.velocity.runtime.RuntimeInstance.init(RuntimeInstance.java:240)
	at org.apache.velocity.runtime.RuntimeInstance.parse(RuntimeInstance.java:993)
	at org.apache.velocity.runtime.RuntimeInstance.parse(RuntimeInstance.java:972)
	at org.apache.velocity.runtime.RuntimeSingleton.parse(RuntimeSingleton.java:265)
	at org.apache.velocity.app.Velocity.evaluate(Velocity.java:274)
	at org.sonatype.mavenbook.ch04.simple_weather.WeatherFormatter.format(WeatherFormatter.java:20)
	at org.sonatype.mavenbook.ch04.simple_weather.Main.start(Main.java:38)
	at org.sonatype.mavenbook.ch04.simple_weather.Main.main(Main.java:22)
Caused by: java.lang.ClassNotFoundException: org.apache.log.format.Formatter
	at java.net.URLClassLoader.findClass(URLClassLoader.java:381)
	at java.lang.ClassLoader.loadClass(ClassLoader.java:424)
	at sun.misc.Launcher$AppClassLoader.loadClass(Launcher.java:331)
	at java.lang.ClassLoader.loadClass(ClassLoader.java:357)
	... 15 more
2015-12-19 21:03:31,311 - Trying to use logger class org.apache.velocity.runtime.log.Log4JLogChute
2015-12-19 21:03:31,311 - Using logger class org.apache.velocity.runtime.log.Log4JLogChute
2015-12-19 21:03:31,313 - Default ResourceManager initializing. (class org.apache.velocity.runtime.resource.ResourceManagerImpl)
2015-12-19 21:03:31,319 - ResourceLoader instantiated: org.apache.velocity.runtime.resource.loader.FileResourceLoader
2015-12-19 21:03:31,320 - Do unicode file recognition:  false
2015-12-19 21:03:31,320 - FileResourceLoader : adding path '.'
2015-12-19 21:03:31,331 - ResourceCache: initialized (class org.apache.velocity.runtime.resource.ResourceCacheImpl)
2015-12-19 21:03:31,332 - Loaded System Directive: org.apache.velocity.runtime.directive.Literal
2015-12-19 21:03:31,333 - Loaded System Directive: org.apache.velocity.runtime.directive.Macro
2015-12-19 21:03:31,334 - Loaded System Directive: org.apache.velocity.runtime.directive.Parse
2015-12-19 21:03:31,336 - Loaded System Directive: org.apache.velocity.runtime.directive.Include
2015-12-19 21:03:31,336 - Loaded System Directive: org.apache.velocity.runtime.directive.Foreach
2015-12-19 21:03:31,357 - Created '20' parsers.
2015-12-19 21:03:31,361 - Velocimacro : "velocimacro.library" is not set.  Trying default library: VM_global_library.vm
2015-12-19 21:03:31,361 - Velocimacro : Default library not found.
2015-12-19 21:03:31,361 - Velocimacro : allowInline = true : VMs can be defined inline in templates
2015-12-19 21:03:31,361 - Velocimacro : allowInlineToOverride = false : VMs defined inline may NOT replace previous VM definitions
2015-12-19 21:03:31,361 - Velocimacro : allowInlineLocal = false : VMs defined inline will be global in scope if allowed.
2015-12-19 21:03:31,361 - Velocimacro : autoload off : VM system will not automatically reload global library macros
